[11:09:37] <BlueG> Array
[11:09:40] <BlueG> yo sup
[11:10:17] <BlueG> Array
-- Log session started on Sat 07/05/16 11:20:09
[11:20:10] mYsTeRy_ (mYsTeRy_!mYsTeRy@ip-f3174a12.dip0.t-ipconnect.de) has joined #mystery
[11:20:10] mYsTeRy_ (mYsTeRy_!mYsTeRy@ip-f3174a12.dip0.t-ipconnect.de) has joined #mystery
-- Log session started on Sat 07/05/16 12:02:34
[12:02:35] mYsTeRy (mYsTeRy!mYsTeRy@ip-f3174a12.dip0.t-ipconnect.de) has joined #mystery
-- Log session started on Sat 07/05/16 12:03:36
[12:03:38] mYsTeRy (mYsTeRy!mYsTeRy@ip-f3174a12.dip0.t-ipconnect.de) has joined #mystery
-- Log session started on Sun 08/05/16 12:03:21
[12:03:22] mYsTeRy (mYsTeRy!mYsTeRy@ip-f3174a12.dip0.t-ipconnect.de) has joined #mystery
-- Log session started on Sun 08/05/16 12:07:28
[12:07:29] mYsTeRy (mYsTeRy!mYsTeRy@ip-f3174a12.dip0.t-ipconnect.de) has joined #mystery
-- Log session started on Sun 08/05/16 12:22:02
[12:22:03] mYsTeRy (mYsTeRy!mYsTeRy@ip-f3174a12.dip0.t-ipconnect.de) has joined #mystery
-- Log session started on Sun 08/05/16 12:24:06
[12:24:07] mYsTeRy (mYsTeRy!mYsTeRy@ip-f3174a12.dip0.t-ipconnect.de) has joined #mystery
-- Log session started on Sun 08/05/16 12:26:56
[12:26:57] mYsTeRy (mYsTeRy!mYsTeRy@ip-f3174a12.dip0.t-ipconnect.de) has joined #mystery
-- Log session started on Sun 08/05/16 12:31:53
[12:31:54] mYsTeRy (mYsTeRy!mYsTeRy@ip-f3174a12.dip0.t-ipconnect.de) has joined #mystery
-- Log session started on Sun 08/05/16 12:34:05
[12:34:06] mYsTeRy (mYsTeRy!mYsTeRy@ip-f3174a12.dip0.t-ipconnect.de) has joined #mystery
-- Log session started on Sun 08/05/16 13:07:17
-- Log session started on Sun 08/05/16 13:08:11
[13:08:18] mYsTeRy (mYsTeRy!mYsTeRy@AD3788.2844C8.8E9882.A5979E) has joined #mystery
-- Log session started on Sun 08/05/16 13:15:52
[13:15:58] mYsTeRy (mYsTeRy!mYsTeRy@AD3788.2844C8.8E9882.A5979E) has joined #mystery
-- Log session started on Sun 08/05/16 13:26:07
[13:26:13] mYsTeRy (mYsTeRy!mYsTeRy@AD3788.2844C8.8E9882.A5979E) has joined #mystery
-- Log session started on Sun 08/05/16 13:28:40
[13:28:46] mYsTeRy (mYsTeRy!mYsTeRy@AD3788.2844C8.8E9882.A5979E) has joined #mystery
[13:29:04] <BlueG> Array
[13:29:07] <BlueG> Array
[13:29:12] <BlueG> Array
[13:29:17] <BlueG> Array
[13:29:23] <BlueG> Array
[13:29:28] <BlueG> Array
[13:29:41] <BlueG> Array
[13:29:45] <BlueG> Array
[13:29:45] mYsTeRy (mYsTeRy!mYsTeRy@AD3788.2844C8.8E9882.A5979E) has left #mystery ()
-- Log session started on Sun 08/05/16 13:32:35
[13:32:36] mYsTeRy (mYsTeRy!mYsTeRy@ip-f3174a12.dip0.t-ipconnect.de) has joined #mystery
[13:32:46] <BlueG> Array
[13:32:49] <BlueG> Array
[13:32:52] <BlueG> Array
